2017-03-16 10:52:45,447 [Worker-0] INFO  o.e.m.c.i.p.ProjectConfigurationManager - Collecting project info '/pom.xml' C:\User\U512446\Projects\essai_maven\essai-maven-java\pom.xml
2017-03-16 10:52:46,730 [Worker-0] INFO  o.e.m.c.i.l.LifecycleMappingFactory - Using org.eclipse.m2e.jdt.JarLifecycleMapping lifecycle mapping for MavenProject: com.jean.goumou:essai-maven-java:0.0.1-SNAPSHOT @ C:\User\U512446\Projects\essai_maven\essai-maven-java\pom.xml.
2017-03-16 10:52:48,485 [Worker-0] INFO  o.e.m.j.i.AbstractJavaProjectConfigurator - Adding source folder /essai-maven-java/src/main/java
2017-03-16 10:52:48,499 [Worker-0] INFO  o.e.m.j.i.AbstractJavaProjectConfigurator - Adding source folder /essai-maven-java/src/test/java
2017-03-16 10:52:48,632 [Worker-0] INFO  o.e.m.c.i.p.ProjectConfigurationManager - Imported and configured 1 project(s) in 3 sec
2017-03-16 10:52:48,927 [Worker-3] INFO  o.e.m.c.i.embedder.EclipseLogger - Using 'UTF-8' encoding to copy filtered resources.
2017-03-16 10:52:48,928 [Worker-3] INFO  o.e.m.c.i.embedder.EclipseLogger - skip non existing resourceDirectory C:\User\U512446\Projects\essai_maven\essai-maven-java\src\main\resources
2017-03-16 10:52:48,935 [Worker-3] INFO  o.e.m.c.i.embedder.EclipseLogger - Using 'UTF-8' encoding to copy filtered resources.
2017-03-16 10:52:48,936 [Worker-3] INFO  o.e.m.c.i.embedder.EclipseLogger - skip non existing resourceDirectory C:\User\U512446\Projects\essai_maven\essai-maven-java\src\test\resources
2017-03-16 10:54:14,457 [Worker-3] INFO  o.e.m.c.i.embedder.EclipseLogger - Using 'UTF-8' encoding to copy filtered resources.
2017-03-16 10:54:14,457 [Worker-3] INFO  o.e.m.c.i.embedder.EclipseLogger - skip non existing resourceDirectory C:\User\U512446\Projects\essai_maven\essai-maven-java\src\main\resources
2017-03-16 10:54:14,458 [Worker-3] INFO  o.e.m.c.i.embedder.EclipseLogger - Using 'UTF-8' encoding to copy filtered resources.
2017-03-16 10:54:14,459 [Worker-3] INFO  o.e.m.c.i.embedder.EclipseLogger - skip non existing resourceDirectory C:\User\U512446\Projects\essai_maven\essai-maven-java\src\test\resources
2017-03-16 10:54:32,189 [Worker-13] INFO  o.e.m.c.i.embedder.EclipseLogger - Using 'UTF-8' encoding to copy filtered resources.
2017-03-16 10:54:32,190 [Worker-13] INFO  o.e.m.c.i.embedder.EclipseLogger - skip non existing resourceDirectory C:\User\U512446\Projects\essai_maven\essai-maven-java\src\main\resources
2017-03-16 10:54:32,192 [Worker-13] INFO  o.e.m.c.i.embedder.EclipseLogger - Using 'UTF-8' encoding to copy filtered resources.
2017-03-16 10:54:32,193 [Worker-13] INFO  o.e.m.c.i.embedder.EclipseLogger - skip non existing resourceDirectory C:\User\U512446\Projects\essai_maven\essai-maven-java\src\test\resources
2017-03-16 11:00:42,059 [Worker-1] INFO  o.e.m.c.i.l.LifecycleMappingFactory - Using org.eclipse.m2e.jdt.JarLifecycleMapping lifecycle mapping for MavenProject: com.jean.goumou:essai-maven-java:0.0.1-SNAPSHOT @ C:\User\U512446\Projects\essai_maven\essai-maven-java\pom.xml.
2017-03-16 11:00:42,605 [Worker-1] INFO  o.e.m.c.i.embedder.EclipseLogger - Using 'UTF-8' encoding to copy filtered resources.
2017-03-16 11:00:42,605 [Worker-1] INFO  o.e.m.c.i.embedder.EclipseLogger - skip non existing resourceDirectory C:\User\U512446\Projects\essai_maven\essai-maven-java\src\main\resources
2017-03-16 11:00:42,605 [Worker-1] INFO  o.e.m.c.i.embedder.EclipseLogger - Using 'UTF-8' encoding to copy filtered resources.
2017-03-16 11:00:42,605 [Worker-1] INFO  o.e.m.c.i.embedder.EclipseLogger - skip non existing resourceDirectory C:\User\U512446\Projects\essai_maven\essai-maven-java\src\test\resources
2017-03-16 11:01:00,420 [Worker-17] INFO  o.e.m.i.launch.MavenLaunchDelegate - C:\User\U512446\Projects\essai_maven\essai-maven-java
2017-03-16 11:01:00,420 [Worker-17] INFO  o.e.m.i.launch.MavenLaunchDelegate -  mvn  -B -s "C:\Program Files\MavenCIQ\home\.m2\settings.xml" clean
2017-03-16 11:01:02,965 [Worker-12] INFO  o.e.m.c.i.embedder.EclipseLogger - Using 'UTF-8' encoding to copy filtered resources.
2017-03-16 11:01:02,965 [Worker-12] INFO  o.e.m.c.i.embedder.EclipseLogger - skip non existing resourceDirectory C:\User\U512446\Projects\essai_maven\essai-maven-java\src\main\resources
2017-03-16 11:01:02,965 [Worker-12] INFO  o.e.m.c.i.embedder.EclipseLogger - Using 'UTF-8' encoding to copy filtered resources.
2017-03-16 11:01:02,965 [Worker-12] INFO  o.e.m.c.i.embedder.EclipseLogger - skip non existing resourceDirectory C:\User\U512446\Projects\essai_maven\essai-maven-java\src\test\resources
2017-03-16 11:01:58,735 [Worker-20] INFO  o.e.m.i.launch.MavenLaunchDelegate - C:\User\U512446\Projects\essai_maven\essai-maven-java
2017-03-16 11:01:58,735 [Worker-20] INFO  o.e.m.i.launch.MavenLaunchDelegate -  mvn -Dfile.encoding=UTF-8 -DfailIfNoTests=false -PpsaReports  -B -s "C:\Program Files\MavenCIQ\home\.m2\settings.xml" clean install site
2017-03-16 11:38:45,075 [Worker-26] INFO  o.e.m.c.i.embedder.EclipseLogger - Using 'UTF-8' encoding to copy filtered resources.
2017-03-16 11:38:45,075 [Worker-26] INFO  o.e.m.c.i.embedder.EclipseLogger - skip non existing resourceDirectory C:\User\U512446\Projects\essai_maven\essai-maven-java\src\main\resources
2017-03-16 11:38:45,075 [Worker-26] INFO  o.e.m.c.i.embedder.EclipseLogger - Using 'UTF-8' encoding to copy filtered resources.
2017-03-16 11:38:45,075 [Worker-26] INFO  o.e.m.c.i.embedder.EclipseLogger - skip non existing resourceDirectory C:\User\U512446\Projects\essai_maven\essai-maven-java\src\test\resources
2017-03-16 11:41:26,398 [Worker-34] INFO  o.e.m.i.launch.MavenLaunchDelegate - C:\User\U512446\Projects\essai_maven\essai-maven-java
2017-03-16 11:41:26,398 [Worker-34] INFO  o.e.m.i.launch.MavenLaunchDelegate -  mvn  -B -s "C:\Program Files\MavenCIQ\home\.m2\settings.xml" clean
2017-03-16 11:41:28,179 [Worker-34] INFO  o.e.m.c.i.embedder.EclipseLogger - Using 'UTF-8' encoding to copy filtered resources.
2017-03-16 11:41:28,179 [Worker-34] INFO  o.e.m.c.i.embedder.EclipseLogger - skip non existing resourceDirectory C:\User\U512446\Projects\essai_maven\essai-maven-java\src\main\resources
2017-03-16 11:41:28,179 [Worker-34] INFO  o.e.m.c.i.embedder.EclipseLogger - Using 'UTF-8' encoding to copy filtered resources.
2017-03-16 11:41:28,179 [Worker-34] INFO  o.e.m.c.i.embedder.EclipseLogger - skip non existing resourceDirectory C:\User\U512446\Projects\essai_maven\essai-maven-java\src\test\resources
2017-03-16 11:41:50,052 [Worker-36] INFO  o.e.m.i.launch.MavenLaunchDelegate - C:\User\U512446\Projects\essai_maven\essai-maven-java
2017-03-16 11:41:50,052 [Worker-36] INFO  o.e.m.i.launch.MavenLaunchDelegate -  mvn -Dfile.encoding=UTF-8 -DfailIfNoTests=false -PpsaReports  -B -s "C:\Program Files\MavenCIQ\home\.m2\settings.xml" clean install site
2017-03-16 11:43:22,728 [Worker-35] INFO  o.e.m.i.launch.MavenLaunchDelegate - C:\User\U512446\Projects\essai_maven\essai-maven-java
2017-03-16 11:43:22,728 [Worker-35] INFO  o.e.m.i.launch.MavenLaunchDelegate -  mvn -Dfile.encoding=UTF-8 -DfailIfNoTests=false -PpsaReports  -B -s "C:\Program Files\MavenCIQ\home\.m2\settings.xml" clean install site
2017-03-16 11:44:46,368 [Worker-36] INFO  o.e.m.i.launch.MavenLaunchDelegate - C:\User\U512446\Projects\essai_maven\essai-maven-java
2017-03-16 11:44:46,368 [Worker-36] INFO  o.e.m.i.launch.MavenLaunchDelegate -  mvn -Dfile.encoding=UTF-8 -DfailIfNoTests=false -PpsaReports  -B -s "C:\Program Files\MavenCIQ\home\.m2\settings.xml" clean install site
2017-03-16 11:45:53,377 [Worker-36] INFO  o.e.m.i.launch.MavenLaunchDelegate - C:\User\U512446\Projects\essai_maven\essai-maven-java
2017-03-16 11:45:53,377 [Worker-36] INFO  o.e.m.i.launch.MavenLaunchDelegate -  mvn -Dfile.encoding=UTF-8 -DfailIfNoTests=false -PpsaReports  -B -s "C:\Program Files\MavenCIQ\home\.m2\settings.xml" clean install site
2017-03-16 12:03:31,075 [Worker-41] WARN  o.e.r.models.ModelRepository - Failed to download org.eclipse.recommenders:index::zip:0.0.0
org.eclipse.aether.resolution.ArtifactResolutionException: Could not transfer artifact org.eclipse.recommenders:index:zip:0.0.0-SNAPSHOT from/to models (http://download.eclipse.org/recommenders/models/mars/): Proxy Authentication Required (407)
	at org.eclipse.aether.internal.impl.DefaultArtifactResolver.resolve(DefaultArtifactResolver.java:444) ~[na:na]
	at org.eclipse.aether.internal.impl.DefaultArtifactResolver.resolveArtifacts(DefaultArtifactResolver.java:246) ~[na:na]
	at org.eclipse.aether.internal.impl.DefaultArtifactResolver.resolveArtifact(DefaultArtifactResolver.java:223) ~[na:na]
	at org.eclipse.aether.internal.impl.DefaultRepositorySystem.resolveArtifact(DefaultRepositorySystem.java:294) ~[na:na]
	at org.eclipse.recommenders.models.ModelRepository.resolveInternal(ModelRepository.java:192) [org.eclipse.recommenders.models_2.3.0.v20160216-1255.jar:na]
	at org.eclipse.recommenders.models.ModelRepository.resolve(ModelRepository.java:174) [org.eclipse.recommenders.models_2.3.0.v20160216-1255.jar:na]
	at org.eclipse.recommenders.internal.models.rcp.EclipseModelRepository.resolve(EclipseModelRepository.java:165) [org.eclipse.recommenders.models.rcp_2.3.0.v20160216-1255.jar:na]
	at org.eclipse.recommenders.internal.models.rcp.DownloadModelArchiveJob.run(DownloadModelArchiveJob.java:76) [org.eclipse.recommenders.models.rcp_2.3.0.v20160216-1255.jar:na]
	at org.eclipse.core.internal.jobs.Worker.run(Worker.java:55) [org.eclipse.core.jobs_3.7.0.v20150330-2103.jar:na]
Caused by: org.eclipse.aether.transfer.ArtifactTransferException: Could not transfer artifact org.eclipse.recommenders:index:zip:0.0.0-SNAPSHOT from/to models (http://download.eclipse.org/recommenders/models/mars/): Proxy Authentication Required (407)
	at org.eclipse.aether.connector.basic.ArtifactTransportListener.transferFailed(ArtifactTransportListener.java:43) ~[org.eclipse.aether.connector.basic_1.0.1.v20141111.jar:na]
	at org.eclipse.aether.connector.basic.BasicRepositoryConnector$TaskRunner.run(BasicRepositoryConnector.java:355) ~[org.eclipse.aether.connector.basic_1.0.1.v20141111.jar:na]
	at org.eclipse.aether.util.concurrency.RunnableErrorForwarder$1.run(RunnableErrorForwarder.java:67) ~[na:na]
	at org.eclipse.aether.connector.basic.BasicRepositoryConnector$DirectExecutor.execute(BasicRepositoryConnector.java:581) ~[org.eclipse.aether.connector.basic_1.0.1.v20141111.jar:na]
	at org.eclipse.aether.connector.basic.BasicRepositoryConnector.get(BasicRepositoryConnector.java:249) ~[org.eclipse.aether.connector.basic_1.0.1.v20141111.jar:na]
	at org.eclipse.aether.internal.impl.DefaultArtifactResolver.performDownloads(DefaultArtifactResolver.java:520) ~[na:na]
	at org.eclipse.aether.internal.impl.DefaultArtifactResolver.resolve(DefaultArtifactResolver.java:421) ~[na:na]
	... 8 common frames omitted
Caused by: org.apache.http.client.HttpResponseException: Proxy Authentication Required (407)
	at org.eclipse.aether.transport.http.HttpTransporter.handleStatus(HttpTransporter.java:466) ~[org.eclipse.aether.transport.http_1.0.1.v20141111.jar:na]
	at org.eclipse.aether.transport.http.HttpTransporter.execute(HttpTransporter.java:291) ~[org.eclipse.aether.transport.http_1.0.1.v20141111.jar:na]
	at org.eclipse.aether.transport.http.HttpTransporter.implGet(HttpTransporter.java:243) ~[org.eclipse.aether.transport.http_1.0.1.v20141111.jar:na]
	at org.eclipse.aether.spi.connector.transport.AbstractTransporter.get(AbstractTransporter.java:59) ~[org.eclipse.aether.spi_1.0.1.v20141111.jar:na]
	at org.eclipse.aether.connector.basic.BasicRepositoryConnector$GetTaskRunner.runTask(BasicRepositoryConnector.java:447) ~[org.eclipse.aether.connector.basic_1.0.1.v20141111.jar:na]
	at org.eclipse.aether.connector.basic.BasicRepositoryConnector$TaskRunner.run(BasicRepositoryConnector.java:350) ~[org.eclipse.aether.connector.basic_1.0.1.v20141111.jar:na]
	... 13 common frames omitted
2017-03-16 12:03:50,405 [Worker-45] INFO  o.e.m.c.i.embedder.EclipseLogger - Using 'UTF-8' encoding to copy filtered resources.
2017-03-16 12:03:50,405 [Worker-45] INFO  o.e.m.c.i.embedder.EclipseLogger - skip non existing resourceDirectory C:\User\U512446\Projects\essai_maven\essai-maven-java\src\main\resources
2017-03-16 12:03:50,405 [Worker-45] INFO  o.e.m.c.i.embedder.EclipseLogger - Using 'UTF-8' encoding to copy filtered resources.
2017-03-16 12:03:50,405 [Worker-45] INFO  o.e.m.c.i.embedder.EclipseLogger - skip non existing resourceDirectory C:\User\U512446\Projects\essai_maven\essai-maven-java\src\test\resources
2017-03-16 12:05:02,607 [Worker-41] INFO  o.e.m.c.i.embedder.EclipseLogger - Using 'UTF-8' encoding to copy filtered resources.
2017-03-16 12:05:02,607 [Worker-41] INFO  o.e.m.c.i.embedder.EclipseLogger - skip non existing resourceDirectory C:\User\U512446\Projects\essai_maven\essai-maven-java\src\main\resources
2017-03-16 12:05:02,607 [Worker-41] INFO  o.e.m.c.i.embedder.EclipseLogger - Using 'UTF-8' encoding to copy filtered resources.
2017-03-16 12:05:02,607 [Worker-41] INFO  o.e.m.c.i.embedder.EclipseLogger - skip non existing resourceDirectory C:\User\U512446\Projects\essai_maven\essai-maven-java\src\test\resources
2017-03-16 12:05:18,708 [Worker-44] INFO  o.e.m.i.launch.MavenLaunchDelegate - C:\User\U512446\Projects\essai_maven\essai-maven-java
2017-03-16 12:05:18,708 [Worker-44] INFO  o.e.m.i.launch.MavenLaunchDelegate -  mvn -Dfile.encoding=UTF-8 -DfailIfNoTests=false -PpsaReports  -B -s "C:\Program Files\MavenCIQ\home\.m2\settings.xml" clean install site
2017-03-16 12:06:06,824 [Worker-46] INFO  o.e.m.c.i.embedder.EclipseLogger - Using 'UTF-8' encoding to copy filtered resources.
2017-03-16 12:06:06,824 [Worker-46] INFO  o.e.m.c.i.embedder.EclipseLogger - skip non existing resourceDirectory C:\User\U512446\Projects\essai_maven\essai-maven-java\src\main\resources
2017-03-16 12:06:06,840 [Worker-46] INFO  o.e.m.c.i.embedder.EclipseLogger - Using 'UTF-8' encoding to copy filtered resources.
2017-03-16 12:06:06,840 [Worker-46] INFO  o.e.m.c.i.embedder.EclipseLogger - skip non existing resourceDirectory C:\User\U512446\Projects\essai_maven\essai-maven-java\src\test\resources
2017-03-16 12:06:12,019 [Worker-44] INFO  o.e.m.c.i.embedder.EclipseLogger - Using 'UTF-8' encoding to copy filtered resources.
2017-03-16 12:06:12,019 [Worker-44] INFO  o.e.m.c.i.embedder.EclipseLogger - skip non existing resourceDirectory C:\User\U512446\Projects\essai_maven\essai-maven-java\src\main\resources
2017-03-16 12:06:12,019 [Worker-44] INFO  o.e.m.c.i.embedder.EclipseLogger - Using 'UTF-8' encoding to copy filtered resources.
2017-03-16 12:06:12,019 [Worker-44] INFO  o.e.m.c.i.embedder.EclipseLogger - skip non existing resourceDirectory C:\User\U512446\Projects\essai_maven\essai-maven-java\src\test\resources
2017-03-16 12:06:28,556 [Worker-44] INFO  o.e.m.i.launch.MavenLaunchDelegate - C:\User\U512446\Projects\essai_maven\essai-maven-java
2017-03-16 12:06:28,556 [Worker-44] INFO  o.e.m.i.launch.MavenLaunchDelegate -  mvn -Dfile.encoding=UTF-8 -DfailIfNoTests=false -PpsaReports  -B -s "C:\Program Files\MavenCIQ\home\.m2\settings.xml" clean install site
2017-03-16 12:07:00,276 [Worker-41] INFO  o.e.m.c.i.embedder.EclipseLogger - Using 'UTF-8' encoding to copy filtered resources.
2017-03-16 12:07:00,276 [Worker-41] INFO  o.e.m.c.i.embedder.EclipseLogger - skip non existing resourceDirectory C:\User\U512446\Projects\essai_maven\essai-maven-java\src\main\resources
2017-03-16 12:07:00,291 [Worker-41] INFO  o.e.m.c.i.embedder.EclipseLogger - Using 'UTF-8' encoding to copy filtered resources.
2017-03-16 12:07:00,291 [Worker-41] INFO  o.e.m.c.i.embedder.EclipseLogger - skip non existing resourceDirectory C:\User\U512446\Projects\essai_maven\essai-maven-java\src\test\resources
2017-03-16 12:07:12,148 [Worker-45] INFO  o.e.m.c.i.embedder.EclipseLogger - Using 'UTF-8' encoding to copy filtered resources.
2017-03-16 12:07:12,148 [Worker-45] INFO  o.e.m.c.i.embedder.EclipseLogger - skip non existing resourceDirectory C:\User\U512446\Projects\essai_maven\essai-maven-java\src\main\resources
2017-03-16 12:07:12,148 [Worker-45] INFO  o.e.m.c.i.embedder.EclipseLogger - Using 'UTF-8' encoding to copy filtered resources.
2017-03-16 12:07:12,148 [Worker-45] INFO  o.e.m.c.i.embedder.EclipseLogger - skip non existing resourceDirectory C:\User\U512446\Projects\essai_maven\essai-maven-java\src\test\resources
2017-03-16 12:07:21,757 [Worker-47] INFO  o.e.m.i.launch.MavenLaunchDelegate - C:\User\U512446\Projects\essai_maven\essai-maven-java
2017-03-16 12:07:21,757 [Worker-47] INFO  o.e.m.i.launch.MavenLaunchDelegate -  mvn -Dfile.encoding=UTF-8 -DfailIfNoTests=false -PpsaReports  -B -s "C:\Program Files\MavenCIQ\home\.m2\settings.xml" clean install site
2017-03-16 12:17:50,634 [Worker-49] INFO  o.e.m.c.i.p.ProjectConfigurationManager - Update started
2017-03-16 12:17:51,648 [Worker-49] INFO  o.e.m.c.i.l.LifecycleMappingFactory - Using org.eclipse.m2e.jdt.JarLifecycleMapping lifecycle mapping for MavenProject: com.jean.goumou:essai-maven-java:0.0.1-SNAPSHOT @ C:\User\U512446\Projects\essai_maven\essai-maven-java\pom.xml.
2017-03-16 12:17:52,132 [Worker-49] INFO  o.e.m.j.i.AbstractJavaProjectConfigurator - Adding source folder /essai-maven-java/src/main/java
2017-03-16 12:17:52,132 [Worker-49] INFO  o.e.m.j.i.AbstractJavaProjectConfigurator - Adding source folder /essai-maven-java/src/test/java
2017-03-16 12:17:52,319 [Worker-49] INFO  o.e.m.c.i.p.ProjectConfigurationManager - Update completed: 1 sec
2017-03-16 12:17:52,631 [Worker-50] INFO  o.e.m.c.i.embedder.EclipseLogger - Using 'UTF-8' encoding to copy filtered resources.
2017-03-16 12:17:52,631 [Worker-50] INFO  o.e.m.c.i.embedder.EclipseLogger - skip non existing resourceDirectory C:\User\U512446\Projects\essai_maven\essai-maven-java\src\main\resources
2017-03-16 12:17:52,631 [Worker-50] INFO  o.e.m.c.i.embedder.EclipseLogger - Using 'UTF-8' encoding to copy filtered resources.
2017-03-16 12:17:52,631 [Worker-50] INFO  o.e.m.c.i.embedder.EclipseLogger - skip non existing resourceDirectory C:\User\U512446\Projects\essai_maven\essai-maven-java\src\test\resources
2017-03-16 12:19:05,516 [Worker-52] INFO  o.e.m.c.i.embedder.EclipseLogger - Using 'UTF-8' encoding to copy filtered resources.
2017-03-16 12:19:05,516 [Worker-52] INFO  o.e.m.c.i.embedder.EclipseLogger - skip non existing resourceDirectory C:\User\U512446\Projects\essai_maven\essai-maven-java\src\main\resources
2017-03-16 12:19:05,516 [Worker-52] INFO  o.e.m.c.i.embedder.EclipseLogger - Using 'UTF-8' encoding to copy filtered resources.
2017-03-16 12:19:05,532 [Worker-52] INFO  o.e.m.c.i.embedder.EclipseLogger - skip non existing resourceDirectory C:\User\U512446\Projects\essai_maven\essai-maven-java\src\test\resources
2017-03-16 12:19:11,257 [Worker-53] INFO  o.e.m.c.i.embedder.EclipseLogger - Using 'UTF-8' encoding to copy filtered resources.
2017-03-16 12:19:11,257 [Worker-53] INFO  o.e.m.c.i.embedder.EclipseLogger - skip non existing resourceDirectory C:\User\U512446\Projects\essai_maven\essai-maven-java\src\main\resources
2017-03-16 12:19:11,272 [Worker-53] INFO  o.e.m.c.i.embedder.EclipseLogger - Using 'UTF-8' encoding to copy filtered resources.
2017-03-16 12:19:11,272 [Worker-53] INFO  o.e.m.c.i.embedder.EclipseLogger - skip non existing resourceDirectory C:\User\U512446\Projects\essai_maven\essai-maven-java\src\test\resources
2017-03-16 12:19:28,495 [Worker-51] INFO  o.e.m.c.i.embedder.EclipseLogger - Using 'UTF-8' encoding to copy filtered resources.
2017-03-16 12:19:28,495 [Worker-51] INFO  o.e.m.c.i.embedder.EclipseLogger - skip non existing resourceDirectory C:\User\U512446\Projects\essai_maven\essai-maven-java\src\main\resources
2017-03-16 12:19:28,495 [Worker-51] INFO  o.e.m.c.i.embedder.EclipseLogger - Using 'UTF-8' encoding to copy filtered resources.
2017-03-16 12:19:28,495 [Worker-51] INFO  o.e.m.c.i.embedder.EclipseLogger - skip non existing resourceDirectory C:\User\U512446\Projects\essai_maven\essai-maven-java\src\test\resources
2017-03-16 12:51:55,329 [Worker-65] INFO  o.e.m.c.i.embedder.EclipseLogger - Using 'UTF-8' encoding to copy filtered resources.
2017-03-16 12:51:55,329 [Worker-65] INFO  o.e.m.c.i.embedder.EclipseLogger - skip non existing resourceDirectory C:\User\U512446\Projects\essai_maven\essai-maven-java\src\main\resources
2017-03-16 12:51:55,345 [Worker-65] INFO  o.e.m.c.i.embedder.EclipseLogger - Using 'UTF-8' encoding to copy filtered resources.
2017-03-16 12:51:55,345 [Worker-65] INFO  o.e.m.c.i.embedder.EclipseLogger - skip non existing resourceDirectory C:\User\U512446\Projects\essai_maven\essai-maven-java\src\test\resources
